<?xml version="1.0" encoding="UTF-8"?>
<!-- Generated by org.testng.reporters.JUnitReportReporter -->
<testsuite skipped="0" hostname="Ashok" name="com.vtg.auto.vtghometest.VTGHomeTest" tests="4" failures="0" timestamp="2023-02-04T21:36:49 IST" time="15.649" errors="0">
  <testcase name="VerifyLoginTest1" time="4.002" classname="com.vtg.auto.vtghometest.VTGHomeTest"/>
  <system-out/>
  <testcase name="VerifyLoginTest4" time="3.980" classname="com.vtg.auto.vtghometest.VTGHomeTest"/>
  <system-out/>
  <testcase name="VerifyLoginTest3" time="3.744" classname="com.vtg.auto.vtghometest.VTGHomeTest"/>
  <system-out/>
  <testcase name="VerifyLoginTest2" time="3.923" classname="com.vtg.auto.vtghometest.VTGHomeTest"/>
  <system-out/>
</testsuite> <!-- com.vtg.auto.vtghometest.VTGHomeTest -->
