<?xml version="1.0" encoding="UTF-8"?>
<!-- Generated by org.testng.reporters.JUnitReportReporter -->
<testsuite hostname="Ashok" failures="0" tests="2" name="com.jivi.auto.employeetest.JiViewsEmployeeTest" time="129.920" errors="0" timestamp="2023-02-03T11:24:42 IST" skipped="0">
  <testcase classname="com.jivi.auto.employeetest.JiViewsEmployeeTest" name="VerifyEmpAddinEmpProfile" time="68.451"/>
  <system-out/>
  <testcase classname="com.jivi.auto.employeetest.JiViewsEmployeeTest" name="VerifyEmpAdd" time="61.469"/>
  <system-out/>
</testsuite> <!-- com.jivi.auto.employeetest.JiViewsEmployeeTest -->
